Base path: C:/Program Files/Unity/Editor/Data
Cmd: initializeCompiler
Cmd: compileComputeKernel
  api=4 insize=26890 outsize=2517 ok=1
Cmd: initializeCompiler
Cmd: compileComputeKernel
  error: 2 plat 4 at Master.compute(25): cannot implicitly convert from 'float2' to 'float3'
  error: 1 plat 4 at Master.compute(25): 'dot': implicit truncation of vector type
  api=4 insize=27504 outsize=0 ok=0
Cmd: compileComputeKernel
  error: 2 plat 4 at (0): Program 'CSMain', error X3084: 'numthreads(X,Y,Z)' attribute expected, where 'X,Y,Z' are the dimensions of the thread group
  api=4 insize=824 outsize=0 ok=0
Cmd: initializeCompiler
Cmd: initializeCompiler
Cmd: initializeCompiler
Cmd: initializeCompiler
Cmd: initializeCompiler
Cmd: initializeCompiler
Cmd: initializeCompiler
Cmd: initializeCompiler
Cmd: initializeCompiler
Cmd: initializeCompiler
Cmd: initializeCompiler
Cmd: initializeCompiler
Cmd: initializeCompiler
Cmd: initializeCompiler
Cmd: initializeCompiler
Cmd: initializeCompiler
Cmd: initializeCompiler
Cmd: compileComputeKernel
  error: 2 plat 4 at Master.compute(19): 'Perlin': cannot implicitly convert from 'const float2' to 'float3'
  api=4 insize=27496 outsize=0 ok=0
Cmd: compileComputeKernel
  error: 2 plat 4 at Master.compute(19): 'Perlin': cannot implicitly convert from 'const float2' to 'float3'
  api=4 insize=27511 outsize=0 ok=0
Cmd: compileComputeKernel
  error: 2 plat 4 at Master.compute(35): undeclared identifier 'mix'
  api=4 insize=27511 outsize=0 ok=0
Cmd: compileComputeKernel
  api=4 insize=27511 outsize=3429 ok=1
Cmd: initializeCompiler
Cmd: compileComputeKernel
  error: 1 plat 4 at (0): Program 'DrawKernel', warning X4714: sum of temp registers and indexable temp registers times 324 threads exceeds the recommended total 16384.  Performance may be reduced
  error: 1 plat 4 at Master.compute(19): implicit truncation of vector type
  api=4 insize=27574 outsize=56213 ok=1
Cmd: initializeCompiler
Cmd: initializeCompiler
Cmd: initializeCompiler
Cmd: initializeCompiler
Cmd: initializeCompiler
Cmd: compileComputeKernel
  error: 1 plat 4 at Master.compute(19): implicit truncation of vector type
  api=4 insize=27586 outsize=3429 ok=1
Cmd: initializeCompiler
Cmd: initializeCompiler
Cmd: initializeCompiler
Cmd: initializeCompiler
Cmd: initializeCompiler
Cmd: initializeCompiler
Cmd: initializeCompiler
Cmd: initializeCompiler
Cmd: initializeCompiler
Cmd: compileComputeKernel
  api=4 insize=27587 outsize=2517 ok=1
Cmd: initializeCompiler
Cmd: compileComputeKernel
  api=4 insize=27584 outsize=2517 ok=1
Cmd: initializeCompiler
Cmd: initializeCompiler
Cmd: initializeCompiler
Cmd: initializeCompiler
Cmd: compileComputeKernel
  api=4 insize=27586 outsize=949 ok=1
Cmd: initializeCompiler
Cmd: initializeCompiler
Cmd: initializeCompiler
Cmd: initializeCompiler
Cmd: initializeCompiler
Cmd: initializeCompiler
Cmd: initializeCompiler
Cmd: initializeCompiler
Cmd: initializeCompiler
Cmd: initializeCompiler
