Base path: C:/Program Files/Unity/Editor/Data
Cmd: initializeCompiler
Cmd: compileComputeKernel
  error: 1 plat 4 at Master.compute(144): 'Kernel' : unknown pragma ignored
  api=4 insize=28485 outsize=3429 ok=1
Cmd: initializeCompiler
Cmd: initializeCompiler
Cmd: initializeCompiler
Cmd: initializeCompiler
Cmd: initializeCompiler
Cmd: initializeCompiler
Cmd: initializeCompiler
Cmd: initializeCompiler
Cmd: initializeCompiler
Cmd: initializeCompiler
Cmd: initializeCompiler
Cmd: initializeCompiler
Cmd: initializeCompiler
Cmd: initializeCompiler
Cmd: initializeCompiler
Cmd: compileComputeKernel
  error: 1 plat 4 at Master.compute(144): 'Kernel' : unknown pragma ignored
  api=4 insize=28281 outsize=6833 ok=1
Cmd: initializeCompiler
Cmd: compileComputeKernel
  api=4 insize=28454 outsize=2489 ok=1
Cmd: initializeCompiler
Cmd: initializeCompiler
Cmd: initializeCompiler
Cmd: compileComputeKernel
  api=4 insize=28205 outsize=641 ok=1
Cmd: initializeCompiler
Cmd: initializeCompiler
Cmd: initializeCompiler
Cmd: initializeCompiler
Cmd: initializeCompiler
Cmd: initializeCompiler
Cmd: initializeCompiler
Cmd: initializeCompiler
Cmd: initializeCompiler
Cmd: compileComputeKernel
  api=4 insize=28402 outsize=949 ok=1
Cmd: initializeCompiler
Cmd: compileComputeKernel
  api=4 insize=28398 outsize=3429 ok=1
Cmd: initializeCompiler
Cmd: initializeCompiler
Cmd: initializeCompiler
Cmd: compileComputeKernel
  api=4 insize=28435 outsize=3429 ok=1
Cmd: initializeCompiler
Cmd: compileComputeKernel
  api=4 insize=28205 outsize=2489 ok=1
Cmd: initializeCompiler
Cmd: initializeCompiler
Cmd: initializeCompiler
Cmd: initializeCompiler
Cmd: initializeCompiler
Cmd: initializeCompiler
Cmd: compileComputeKernel
  error: 2 plat 4 at Master.compute(155): redefinition of 'ClearStartPos'
  api=4 insize=28430 outsize=0 ok=0
Cmd: initializeCompiler
