Base path: C:/Program Files/Unity/Editor/Data
Cmd: initializeCompiler
Cmd: compileComputeKernel
  error: 1 plat 4 at Master.compute(144): 'Kernel' : unknown pragma ignored
  api=4 insize=28471 outsize=949 ok=1
Cmd: initializeCompiler
Cmd: compileComputeKernel
  error: 1 plat 4 at Master.compute(144): 'Kernel' : unknown pragma ignored
  error: 2 plat 4 at Master.compute(152): undeclared identifier 'ClearStartPos'
  api=4 insize=28475 outsize=0 ok=0
Cmd: initializeCompiler
Cmd: initializeCompiler
Cmd: initializeCompiler
Cmd: initializeCompiler
Cmd: initializeCompiler
Cmd: initializeCompiler
Cmd: initializeCompiler
Cmd: initializeCompiler
Cmd: initializeCompiler
Cmd: initializeCompiler
Cmd: initializeCompiler
Cmd: initializeCompiler
Cmd: initializeCompiler
Cmd: initializeCompiler
Cmd: initializeCompiler
Cmd: compileComputeKernel
  error: 1 plat 4 at (0): Program 'DrawKernel', warning X4714: sum of temp registers and indexable temp registers times 324 threads exceeds the recommended total 16384.  Performance may be reduced
  error: 1 plat 4 at Master.compute(144): 'Kernel' : unknown pragma ignored
  api=4 insize=28281 outsize=56249 ok=1
Cmd: compileComputeKernel
  api=4 insize=28283 outsize=949 ok=1
Cmd: initializeCompiler
Cmd: initializeCompiler
Cmd: initializeCompiler
Cmd: initializeCompiler
Cmd: initializeCompiler
Cmd: initializeCompiler
Cmd: initializeCompiler
Cmd: initializeCompiler
Cmd: initializeCompiler
Cmd: initializeCompiler
Cmd: initializeCompiler
Cmd: initializeCompiler
Cmd: compileComputeKernel
  api=4 insize=28324 outsize=949 ok=1
Cmd: initializeCompiler
Cmd: compileComputeKernel
  api=4 insize=28402 outsize=2489 ok=1
Cmd: initializeCompiler
Cmd: compileComputeKernel
  api=4 insize=28398 outsize=949 ok=1
Cmd: initializeCompiler
Cmd: initializeCompiler
Cmd: initializeCompiler
Cmd: compileComputeKernel
  error: 1 plat 4 at (0): Program 'DrawKernel', warning X4714: sum of temp registers and indexable temp registers times 324 threads exceeds the recommended total 16384.  Performance may be reduced
  api=4 insize=28435 outsize=56581 ok=1
Cmd: initializeCompiler
Cmd: initializeCompiler
Cmd: compileComputeKernel
  api=4 insize=28388 outsize=641 ok=1
Cmd: initializeCompiler
Cmd: initializeCompiler
Cmd: initializeCompiler
Cmd: compileComputeKernel
  api=4 insize=28133 outsize=641 ok=1
Cmd: initializeCompiler
Cmd: initializeCompiler
Cmd: initializeCompiler
Cmd: compileComputeKernel
  api=4 insize=28432 outsize=657 ok=1
