Base path: C:/Program Files/Unity/Editor/Data
Cmd: initializeCompiler
Cmd: compileComputeKernel
  api=4 insize=28783 outsize=949 ok=1
Cmd: initializeCompiler
Cmd: initializeCompiler
Cmd: compileComputeKernel
  api=4 insize=28757 outsize=949 ok=1
Cmd: initializeCompiler
Cmd: initializeCompiler
Cmd: initializeCompiler
Cmd: initializeCompiler
Cmd: initializeCompiler
Cmd: initializeCompiler
Cmd: initializeCompiler
Cmd: initializeCompiler
Cmd: initializeCompiler
Cmd: initializeCompiler
Cmd: initializeCompiler
Cmd: initializeCompiler
Cmd: initializeCompiler
Cmd: initializeCompiler
Cmd: initializeCompiler
Cmd: compileComputeKernel
  api=4 insize=28745 outsize=949 ok=1
Cmd: initializeCompiler
Cmd: compileComputeKernel
  api=4 insize=28778 outsize=801 ok=1
Cmd: initializeCompiler
Cmd: initializeCompiler
Cmd: initializeCompiler
Cmd: compileComputeKernel
  error: 1 plat 4 at (0): Program 'DrawKernel', warning X4714: sum of temp registers and indexable temp registers times 324 threads exceeds the recommended total 16384.  Performance may be reduced
  api=4 insize=28802 outsize=56249 ok=1
Cmd: initializeCompiler
Cmd: compileComputeKernel
  api=4 insize=28777 outsize=2677 ok=1
Cmd: initializeCompiler
Cmd: compileComputeKernel
  api=4 insize=28777 outsize=949 ok=1
Cmd: initializeCompiler
Cmd: compileComputeKernel
  api=4 insize=28777 outsize=3429 ok=1
Cmd: initializeCompiler
Cmd: compileComputeKernel
  error: 1 plat 4 at (0): Program 'DrawKernel', warning X4714: sum of temp registers and indexable temp registers times 324 threads exceeds the recommended total 16384.  Performance may be reduced
  api=4 insize=28781 outsize=56249 ok=1
Cmd: initializeCompiler
Cmd: initializeCompiler
Cmd: initializeCompiler
Cmd: initializeCompiler
Cmd: initializeCompiler
Cmd: initializeCompiler
Cmd: initializeCompiler
Cmd: initializeCompiler
Cmd: initializeCompiler
Cmd: compileComputeKernel
  api=4 insize=28654 outsize=2489 ok=1
Cmd: initializeCompiler
Cmd: initializeCompiler
Cmd: initializeCompiler
Cmd: initializeCompiler
Cmd: initializeCompiler
Cmd: initializeCompiler
Cmd: initializeCompiler
Cmd: initializeCompiler
Cmd: initializeCompiler
Cmd: initializeCompiler
Cmd: initializeCompiler
Cmd: initializeCompiler
Cmd: initializeCompiler
Cmd: initializeCompiler
Cmd: compileComputeKernel
  error: 1 plat 4 at (0): Program 'DrawKernel', warning X4714: sum of temp registers and indexable temp registers times 324 threads exceeds the recommended total 16384.  Performance may be reduced
  api=4 insize=28874 outsize=56249 ok=1
Cmd: initializeCompiler
Cmd: initializeCompiler
Cmd: initializeCompiler
Cmd: initializeCompiler
Cmd: initializeCompiler
