Base path: C:/Program Files/Unity/Editor/Data
Cmd: initializeCompiler
Cmd: compileComputeKernel
  error: 1 plat 4 at Master.compute(144): 'Kernel' : unknown pragma ignored
  error: 2 plat 4 at Master.compute(152): undeclared identifier 'ClearStartPos'
  api=4 insize=28475 outsize=0 ok=0
Cmd: compileComputeKernel
  error: 1 plat 4 at (0): Program 'DrawKernel', warning X4714: sum of temp registers and indexable temp registers times 324 threads exceeds the recommended total 16384.  Performance may be reduced
  error: 1 plat 4 at Master.compute(144): 'Kernel' : unknown pragma ignored
  api=4 insize=28485 outsize=56213 ok=1
Cmd: initializeCompiler
Cmd: initializeCompiler
Cmd: initializeCompiler
Cmd: initializeCompiler
Cmd: initializeCompiler
Cmd: initializeCompiler
Cmd: initializeCompiler
Cmd: initializeCompiler
Cmd: compileComputeKernel
  error: 1 plat 4 at Master.compute(144): 'Kernel' : unknown pragma ignored
  api=4 insize=28488 outsize=3429 ok=1
Cmd: initializeCompiler
Cmd: initializeCompiler
Cmd: initializeCompiler
Cmd: initializeCompiler
Cmd: initializeCompiler
Cmd: initializeCompiler
Cmd: initializeCompiler
Cmd: initializeCompiler
Cmd: initializeCompiler
Cmd: initializeCompiler
Cmd: initializeCompiler
Cmd: initializeCompiler
Cmd: initializeCompiler
Cmd: initializeCompiler
Cmd: initializeCompiler
Cmd: initializeCompiler
Cmd: initializeCompiler
Cmd: initializeCompiler
Cmd: compileComputeKernel
  api=4 insize=28344 outsize=3429 ok=1
Cmd: initializeCompiler
Cmd: compileComputeKernel
  api=4 insize=28324 outsize=2489 ok=1
Cmd: initializeCompiler
Cmd: compileComputeKernel
  api=4 insize=28402 outsize=641 ok=1
Cmd: initializeCompiler
Cmd: compileComputeKernel
  api=4 insize=28398 outsize=641 ok=1
Cmd: initializeCompiler
Cmd: compileComputeKernel
  api=4 insize=28433 outsize=2489 ok=1
Cmd: initializeCompiler
Cmd: initializeCompiler
Cmd: compileComputeKernel
  api=4 insize=28435 outsize=949 ok=1
Cmd: initializeCompiler
Cmd: initializeCompiler
Cmd: compileComputeKernel
  api=4 insize=28388 outsize=949 ok=1
Cmd: initializeCompiler
Cmd: initializeCompiler
Cmd: initializeCompiler
Cmd: initializeCompiler
Cmd: initializeCompiler
Cmd: compileComputeKernel
  error: 2 plat 4 at Master.compute(155): redefinition of 'ClearStartPos'
  api=4 insize=28430 outsize=0 ok=0
Cmd: compileComputeKernel
  api=4 insize=28407 outsize=2489 ok=1
Cmd: initializeCompiler
